SF:lib/src/features/products/data/fake_products_repository.dart
DA:7,1
DA:12,1
DA:13,1
DA:16,1
DA:17,2
DA:20,1
DA:21,3
DA:22,2
DA:25,1
DA:26,3
DA:27,2
DA:30,1
DA:31,4
DA:34,1
DA:36,4
DA:43,0
DA:44,0
DA:47,0
DA:48,0
DA:49,0
DA:52,0
DA:53,0
DA:54,0
DA:57,0
DA:58,0
DA:59,0
DA:60,0
LF:27
LH:15
end_of_record
SF:lib/src/features/products/domain/product.dart
DA:6,4
DA:27,1
DA:29,9
DA:32,1
DA:35,0
DA:36,0
DA:37,0
DA:38,0
DA:39,0
DA:40,0
DA:41,0
DA:42,0
DA:43,0
DA:44,0
DA:46,1
DA:48,3
DA:49,3
DA:50,3
DA:51,3
DA:52,3
DA:53,3
DA:54,3
DA:55,2
LF:23
LH:13
end_of_record
SF:lib/src/utils/delay.dart
DA:1,2
DA:3,0
DA:5,2
LF:3
LH:2
end_of_record
SF:lib/src/features/authentication/data/fake_auth_repository.dart
DA:7,1
DA:12,3
DA:14,3
DA:16,1
DA:17,3
DA:18,1
DA:21,1
DA:22,3
DA:23,1
DA:26,1
DA:27,2
DA:30,3
DA:32,1
DA:33,6
DA:37,0
DA:38,0
DA:39,0
DA:44,0
DA:45,0
DA:46,0
LF:20
LH:14
end_of_record
SF:lib/src/features/authentication/domain/app_user.dart
DA:3,1
DA:10,1
DA:12,3
DA:15,1
DA:18,10
DA:20,1
DA:21,5
LF:7
LH:7
end_of_record
SF:lib/src/utils/in_memory_store.dart
DA:6,2
DA:10,3
DA:13,3
DA:15,3
DA:17,3
LF:5
LH:5
end_of_record
SF:lib/src/features/authentication/presentation/sign_in/email_password_sign_in_controller.dart
DA:6,1
DA:9,2
DA:13,1
DA:14,3
DA:15,4
DA:16,3
DA:17,2
DA:20,1
DA:21,2
DA:22,1
DA:23,2
DA:24,1
DA:25,2
DA:29,0
DA:30,0
DA:34,0
DA:35,0
DA:36,0
DA:37,0
LF:19
LH:13
end_of_record
SF:lib/src/features/authentication/presentation/sign_in/email_password_sign_in_state.dart
DA:6,2
DA:17,1
DA:25,0
DA:27,1
DA:30,1
DA:31,3
DA:32,3
DA:33,3
DA:35,1
DA:36,5
DA:38,1
DA:40,4
DA:43,1
DA:47,1
DA:48,1
DA:49,0
DA:55,0
DA:56,0
DA:57,0
DA:59,0
DA:64,0
DA:65,0
DA:66,0
DA:68,0
DA:72,0
DA:73,0
DA:74,0
DA:76,0
DA:80,0
DA:81,0
DA:88,0
DA:89,0
DA:90,0
DA:92,0
DA:96,0
DA:97,0
DA:98,0
DA:100,0
DA:104,0
DA:105,0
DA:108,0
DA:109,0
DA:110,0
DA:112,0
DA:115,0
DA:116,0
DA:117,0
DA:121,0
DA:122,0
DA:124,0
LF:50
LH:14
end_of_record
SF:lib/src/features/authentication/presentation/sign_in/string_validators.dart
DA:10,1
DA:13,0
DA:17,0
DA:18,0
DA:19,0
DA:20,0
DA:27,0
DA:34,0
DA:37,0
DA:40,0
DA:41,0
DA:50,0
DA:54,2
DA:58,0
DA:60,0
DA:65,1
DA:68,0
DA:70,0
LF:18
LH:3
end_of_record
SF:lib/src/localization/string_hardcoded.dart
DA:4,0
LF:1
LH:0
end_of_record
SF:lib/src/features/authentication/presentation/account/account_screen_controller.dart
DA:5,2
DA:9,1
DA:10,1
DA:11,6
DA:15,0
DA:16,0
DA:17,0
DA:19,0
LF:8
LH:4
end_of_record
